Content-Type: multipart/alternative;
 boundary="===============7312943132399944239=="
MIME-Version: 1.0
Subject: Test2
From: webmaster@supersite.ru
To: user@othersite.ru
Date: Thu, 12 Oct 2023 16:41:01 -0000
Message-ID: <169712886145.12936.1422963754208947863@LAPTOP-0QS7OU5B>

--===============7312943132399944239==
Content-Type: text/plain; charset="utf-8"
MIME-Version: 1.0
Content-Transfer-Encoding: 7bit

Test2!!!
--===============7312943132399944239==
Content-Type: text/html; charset="utf-8"
MIME-Version: 1.0
Content-Transfer-Encoding: 7bit

<h1>!!! 2Text2 !!!</h1>
--===============7312943132399944239==--

-------------------------------------------------------------------------------
